<?xml version="1.0" encoding="UTF-8"?>
<!-- Generated by org.testng.reporters.JUnitReportReporter -->
<testsuite hostname="LTIN233583" failures="0" tests="9" name="testCase.TC_003_UsedCarsLocationSpecificTest" time="80.537" errors="0" timestamp="2024-01-25T13:10:40 IST" skipped="0">
  <testcase classname="testCase.TC_003_UsedCarsLocationSpecificTest" name="navigateNewBikes" time="39.403"/>
  <testcase classname="testCase.TC_003_UsedCarsLocationSpecificTest" name="verify_UpcomingBikes_section" time="0.060"/>
  <testcase classname="testCase.TC_003_UsedCarsLocationSpecificTest" name="selectManufacturers" time="3.378"/>
  <testcase classname="testCase.TC_003_UsedCarsLocationSpecificTest" name="getNewLaunchBikesDetails" time="4.246"/>
  <testcase classname="testCase.TC_003_UsedCarsLocationSpecificTest" name="navigateToHomePage" time="1.155"/>
  <testcase classname="testCase.TC_003_UsedCarsLocationSpecificTest" name="navFromUsedCarsToLocation" time="11.971"/>
  <testcase classname="testCase.TC_003_UsedCarsLocationSpecificTest" name="clickAllPopularCarModels" time="18.524"/>
  <testcase classname="testCase.TC_003_UsedCarsLocationSpecificTest" name="fetchAllPopularModels" time="0.266"/>
  <testcase classname="testCase.TC_003_UsedCarsLocationSpecificTest" name="navigateBackToHome" time="1.534"/>
</testsuite> <!-- testCase.TC_003_UsedCarsLocationSpecificTest -->
