<?xml version="1.0" encoding="UTF-8"?>
<!-- Generated by org.testng.reporters.JUnitReportReporter -->
<testsuite hostname="LTIN233583" failures="0" tests="1" name="testCase.TC_001_NewBikes_UpcomingBikes" time="50.177" errors="0" timestamp="2024-01-24T11:20:29 IST" skipped="0">
  <testcase classname="testCase.TC_001_NewBikes_UpcomingBikes" name="navigateNewBikes" time="50.177"/>
</testsuite> <!-- testCase.TC_001_NewBikes_UpcomingBikes -->
