<?xml version="1.0" encoding="UTF-8"?>
<!-- Generated by org.testng.reporters.JUnitReportReporter -->
<testsuite hostname="LTIN233583" failures="0" tests="11" name="testCase.TC_004_VerifyInvalidUser" time="127.603" errors="0" timestamp="2024-02-02T10:10:31 IST" skipped="0">
  <testcase classname="testCase.TC_004_VerifyInvalidUser" name="navigateNewBikes" time="50.010"/>
  <testcase classname="testCase.TC_004_VerifyInvalidUser" name="verify_UpcomingBikes_section" time="0.143"/>
  <testcase classname="testCase.TC_004_VerifyInvalidUser" name="selectManufacturers" time="4.977"/>
  <testcase classname="testCase.TC_004_VerifyInvalidUser" name="getNewLaunchBikesDetails" time="10.572"/>
  <testcase classname="testCase.TC_004_VerifyInvalidUser" name="navigateToHomePage" time="2.202"/>
  <testcase classname="testCase.TC_004_VerifyInvalidUser" name="navFromUsedCarsToLocation" time="29.879"/>
  <testcase classname="testCase.TC_004_VerifyInvalidUser" name="clickAllPopularCarModels" time="18.597"/>
  <testcase classname="testCase.TC_004_VerifyInvalidUser" name="fetchAllPopularModels" time="1.379"/>
  <testcase classname="testCase.TC_004_VerifyInvalidUser" name="navigateBackToHome" time="2.215"/>
  <testcase classname="testCase.TC_004_VerifyInvalidUser" name="clickOnLogin" time="5.384"/>
  <testcase classname="testCase.TC_004_VerifyInvalidUser" name="fetchErrorMessage" time="2.245"/>
</testsuite> <!-- testCase.TC_004_VerifyInvalidUser -->
