<?xml version="1.0" encoding="UTF-8"?>
<!-- Generated by org.testng.reporters.JUnitReportReporter -->
<testsuite hostname="LTIN233583" failures="0" tests="11" name="testCase.TC_004_VerifyInvalidUser" time="56.686" errors="0" timestamp="2024-02-07T14:44:10 IST" skipped="0">
  <testcase classname="testCase.TC_004_VerifyInvalidUser" name="navigateNewBikes" time="5.721"/>
  <testcase classname="testCase.TC_004_VerifyInvalidUser" name="verify_UpcomingBikes_section" time="0.156"/>
  <testcase classname="testCase.TC_004_VerifyInvalidUser" name="selectManufacturers" time="3.367"/>
  <testcase classname="testCase.TC_004_VerifyInvalidUser" name="getNewLaunchBikesDetails" time="9.015"/>
  <testcase classname="testCase.TC_004_VerifyInvalidUser" name="navigateToHomePage" time="1.420"/>
  <testcase classname="testCase.TC_004_VerifyInvalidUser" name="navFromUsedCarsToLocation" time="11.140"/>
  <testcase classname="testCase.TC_004_VerifyInvalidUser" name="clickAllPopularCarModels" time="18.503"/>
  <testcase classname="testCase.TC_004_VerifyInvalidUser" name="fetchAllPopularModels" time="0.807"/>
  <testcase classname="testCase.TC_004_VerifyInvalidUser" name="navigateBackToHome" time="1.285"/>
  <testcase classname="testCase.TC_004_VerifyInvalidUser" name="clickOnLogin" time="3.098"/>
  <testcase classname="testCase.TC_004_VerifyInvalidUser" name="fetchErrorMessage" time="2.174"/>
</testsuite> <!-- testCase.TC_004_VerifyInvalidUser -->
