<?xml version="1.0" encoding="UTF-8"?>
<!-- Generated by org.testng.reporters.JUnitReportReporter -->
<testsuite hostname="LTIN233583" failures="0" tests="11" name="testCase.TC_004_VerifyInvalidUser" time="125.478" errors="0" timestamp="2024-02-08T11:34:41 IST" skipped="0">
  <testcase classname="testCase.TC_004_VerifyInvalidUser" name="navigateNewBikes" time="65.745"/>
  <testcase classname="testCase.TC_004_VerifyInvalidUser" name="verify_UpcomingBikes_section" time="0.051"/>
  <testcase classname="testCase.TC_004_VerifyInvalidUser" name="selectManufacturers" time="9.637"/>
  <testcase classname="testCase.TC_004_VerifyInvalidUser" name="getNewLaunchBikesDetails" time="7.876"/>
  <testcase classname="testCase.TC_004_VerifyInvalidUser" name="navigateToHomePage" time="7.664"/>
  <testcase classname="testCase.TC_004_VerifyInvalidUser" name="navFromUsedCarsToLocation" time="7.823"/>
  <testcase classname="testCase.TC_004_VerifyInvalidUser" name="clickAllPopularCarModels" time="18.594"/>
  <testcase classname="testCase.TC_004_VerifyInvalidUser" name="fetchAllPopularModels" time="0.969"/>
  <testcase classname="testCase.TC_004_VerifyInvalidUser" name="navigateBackToHome" time="1.231"/>
  <testcase classname="testCase.TC_004_VerifyInvalidUser" name="clickOnLogin" time="3.711"/>
  <testcase classname="testCase.TC_004_VerifyInvalidUser" name="fetchErrorMessage" time="2.177"/>
</testsuite> <!-- testCase.TC_004_VerifyInvalidUser -->
