<?xml version="1.0" encoding="UTF-8"?>
<!-- Generated by org.testng.reporters.JUnitReportReporter -->
<testsuite hostname="LTIN233583" failures="0" tests="11" name="testCase.TC_004_VerifyInvalidUser" time="90.921" errors="0" timestamp="2024-02-13T09:52:32 IST" skipped="0">
  <testcase classname="testCase.TC_004_VerifyInvalidUser" name="navigateNewBikes" time="15.953"/>
  <testcase classname="testCase.TC_004_VerifyInvalidUser" name="verify_UpcomingBikes_section" time="0.072"/>
  <testcase classname="testCase.TC_004_VerifyInvalidUser" name="selectManufacturers" time="3.358"/>
  <testcase classname="testCase.TC_004_VerifyInvalidUser" name="getNewLaunchBikesDetails" time="9.940"/>
  <testcase classname="testCase.TC_004_VerifyInvalidUser" name="navigateToHomePage" time="1.768"/>
  <testcase classname="testCase.TC_004_VerifyInvalidUser" name="navFromUsedCarsToLocation" time="30.555"/>
  <testcase classname="testCase.TC_004_VerifyInvalidUser" name="clickAllPopularCarModels" time="18.760"/>
  <testcase classname="testCase.TC_004_VerifyInvalidUser" name="fetchAllPopularModels" time="1.553"/>
  <testcase classname="testCase.TC_004_VerifyInvalidUser" name="navigateBackToHome" time="1.765"/>
  <testcase classname="testCase.TC_004_VerifyInvalidUser" name="clickOnLogin" time="4.941"/>
  <testcase classname="testCase.TC_004_VerifyInvalidUser" name="fetchErrorMessage" time="2.256"/>
</testsuite> <!-- testCase.TC_004_VerifyInvalidUser -->
